2021-05-12 18:47:16.104  INFO 47404 --- [main] com.example.semestralka.Application      : Starting Application v0.0.1-SNAPSHOT using Java 14.0.2 on DESKTOP-77ATMCM with PID 47404 (P:\skola\semestralkaDPG\runnable\server.jar started by JaroslavPC in P:\skola\semestralkaDPG\runnable)
2021-05-12 18:47:16.106  INFO 47404 --- [main] com.example.semestralka.Application      : The following profiles are active: dev
2021-05-12 18:47:17.276  INFO 47404 --- [main] .s.d.r.c.RepositoryConfigurationDelegate : Bootstrapping Spring Data JPA repositories in DEFAULT mode.
2021-05-12 18:47:17.383  INFO 47404 --- [main] .s.d.r.c.RepositoryConfigurationDelegate : Finished Spring Data repository scanning in 96 ms. Found 3 JPA repository interfaces.
2021-05-12 18:47:18.202  INFO 47404 --- [main] o.s.b.w.embedded.tomcat.TomcatWebServer  : Tomcat initialized with port(s): 8080 (http)
2021-05-12 18:47:18.217  INFO 47404 --- [main] o.apache.catalina.core.StandardService   : Starting service [Tomcat]
2021-05-12 18:47:18.217  INFO 47404 --- [main] org.apache.catalina.core.StandardEngine  : Starting Servlet engine: [Apache Tomcat/9.0.45]
2021-05-12 18:47:18.290  INFO 47404 --- [main] o.a.c.c.C.[Tomcat].[localhost].[/]       : Initializing Spring embedded WebApplicationContext
2021-05-12 18:47:18.291  INFO 47404 --- [main] w.s.c.ServletWebServerApplicationContext : Root WebApplicationContext: initialization completed in 2119 ms
2021-05-12 18:47:18.571  INFO 47404 --- [main] o.hibernate.jpa.internal.util.LogHelper  : HHH000204: Processing PersistenceUnitInfo [name: default]
2021-05-12 18:47:18.677  INFO 47404 --- [main] org.hibernate.Version                    : HHH000412: Hibernate ORM core version 5.4.30.Final
2021-05-12 18:47:18.839  INFO 47404 --- [main] o.hibernate.annotations.common.Version   : HCANN000001: Hibernate Commons Annotations {5.1.2.Final}
2021-05-12 18:47:18.963  INFO 47404 --- [main] com.zaxxer.hikari.HikariDataSource       : HikariPool-1 - Starting...
2021-05-12 18:47:19.184  INFO 47404 --- [main] com.zaxxer.hikari.HikariDataSource       : HikariPool-1 - Start completed.
2021-05-12 18:47:19.222  INFO 47404 --- [main] org.hibernate.dialect.Dialect            : HHH000400: Using dialect: org.hibernate.dialect.MySQL8Dialect
2021-05-12 18:47:19.873  INFO 47404 --- [main] o.h.e.t.j.p.i.JtaPlatformInitiator       : HHH000490: Using JtaPlatform implementation: [org.hibernate.engine.transaction.jta.platform.internal.NoJtaPlatform]
2021-05-12 18:47:19.881  INFO 47404 --- [main] j.LocalContainerEntityManagerFactoryBean : Initialized JPA EntityManagerFactory for persistence unit 'default'
2021-05-12 18:47:19.947  WARN 47404 --- [main] JpaBaseConfiguration$JpaWebConfiguration : spring.jpa.open-in-view is enabled by default. Therefore, database queries may be performed during view rendering. Explicitly configure spring.jpa.open-in-view to disable this warning
2021-05-12 18:47:20.407  INFO 47404 --- [main] o.s.s.concurrent.ThreadPoolTaskExecutor  : Initializing ExecutorService 'applicationTaskExecutor'
2021-05-12 18:47:20.651  INFO 47404 --- [main] .s.s.UserDetailsServiceAutoConfiguration : 

Using generated security password: fdf6aef1-edfa-4090-b43d-cfb66163d947

2021-05-12 18:47:20.786  INFO 47404 --- [main] o.s.s.web.DefaultSecurityFilterChain     : Will secure any request with [org.springframework.security.web.context.request.async.WebAsyncManagerIntegrationFilter@6535117e, org.springframework.security.web.context.SecurityContextPersistenceFilter@37c36608, org.springframework.security.web.header.HeaderWriterFilter@714f3da4, org.springframework.web.filter.CorsFilter@1d1cbd0f, org.springframework.security.web.authentication.logout.LogoutFilter@2373ad99, org.springframework.security.web.savedrequest.RequestCacheAwareFilter@617389a, org.springframework.security.web.servletapi.SecurityContextHolderAwareRequestFilter@1937eaff, org.springframework.security.web.authentication.AnonymousAuthenticationFilter@6fa13e6, org.springframework.security.web.session.SessionManagementFilter@6ae62c7e, org.springframework.security.web.access.ExceptionTranslationFilter@37468787, org.springframework.security.web.access.intercept.FilterSecurityInterceptor@737d100a]
2021-05-12 18:47:20.829  WARN 47404 --- [main] ConfigServletWebServerApplicationContext : Exception encountered during context initialization - cancelling refresh attempt: org.springframework.context.ApplicationContextException: Failed to start bean 'webServerStartStop'; nested exception is org.springframework.boot.web.server.PortInUseException: Port 8080 is already in use
2021-05-12 18:47:20.830  INFO 47404 --- [main] o.s.s.concurrent.ThreadPoolTaskExecutor  : Shutting down ExecutorService 'applicationTaskExecutor'
2021-05-12 18:47:20.834  INFO 47404 --- [main] j.LocalContainerEntityManagerFactoryBean : Closing JPA EntityManagerFactory for persistence unit 'default'
2021-05-12 18:47:20.835  INFO 47404 --- [main] com.zaxxer.hikari.HikariDataSource       : HikariPool-1 - Shutdown initiated...
2021-05-12 18:47:20.851  INFO 47404 --- [main] com.zaxxer.hikari.HikariDataSource       : HikariPool-1 - Shutdown completed.
2021-05-12 18:47:20.853  INFO 47404 --- [main] o.apache.catalina.core.StandardService   : Stopping service [Tomcat]
2021-05-12 18:47:20.862  INFO 47404 --- [main] ConditionEvaluationReportLoggingListener : 

Error starting ApplicationContext. To display the conditions report re-run your application with 'debug' enabled.
2021-05-12 18:47:20.897 ERROR 47404 --- [main] o.s.b.d.LoggingFailureAnalysisReporter   : 

***************************
APPLICATION FAILED TO START
***************************

Description:

Web server failed to start. Port 8080 was already in use.

Action:

Identify and stop the process that's listening on port 8080 or configure this application to listen on another port.

